PLINK v1.90b3w 64-bit (2 Sep 2015)
Options in effect:
  --bfile /nfs/t144_helic/notebooks/VolosSummerSchool/Workshop_QC/kh7/VSS-chr1-22-mafgte0.01
  --exclude /nfs/t144_helic/Corearray-Genotypes/1_preZcall_QC/SNPlists/complex_regions.txt
  --make-bed
  --out /nfs/t144_helic/notebooks/VolosSummerSchool/Workshop_QC/kh7/VSS-chr1-22-mafgte0.01-noCR
  --range

Hostname: gen1b
Working directory: /nfs/t144_helic/notebooks/VolosSummerSchool/Workshop_QC/kh7
Start time: Tue Apr 25 14:02:50 2017

Note: --range flag deprecated.  Use e.g. '--extract range [filename]'.
Random number seed: 1493125370
48265 MB RAM detected; reserving 24132 MB for main workspace.
276551 variants loaded from .bim file.
538 people (255 males, 283 females) loaded from .fam.
--exclude range: 9409 variants excluded.
--exclude range: 267142 variants remaining.
Using 1 thread (no multithreaded calculations invoked.
Before main variant filters, 538 founders and 0 nonfounders present.
Calculating allele frequencies... done.
Total genotyping rate is 0.994195.
267142 variants and 538 people pass filters and QC.
Note: No phenotypes present.
--make-bed to
/nfs/t144_helic/notebooks/VolosSummerSchool/Workshop_QC/kh7/VSS-chr1-22-mafgte0.01-noCR.bed
+
/nfs/t144_helic/notebooks/VolosSummerSchool/Workshop_QC/kh7/VSS-chr1-22-mafgte0.01-noCR.bim
+
/nfs/t144_helic/notebooks/VolosSummerSchool/Workshop_QC/kh7/VSS-chr1-22-mafgte0.01-noCR.fam
... done.

End time: Tue Apr 25 14:02:51 2017
