PLINK v1.90b3w 64-bit (2 Sep 2015)
Options in effect:
  --autosome
  --bfile /nfs/t144_helic/notebooks/VolosSummerSchool/Workshop_QC/kh7/VSS-1Kg
  --exclude /nfs/t144_helic/Corearray-Genotypes/1_preZcall_QC/SNPlists/complex_regions.txt
  --maf 0.01
  --make-bed
  --out /nfs/t144_helic/notebooks/VolosSummerSchool/Workshop_QC/kh7/VSS-1Kg-chr1-22-mafgte0.01-noCR
  --range

Hostname: gen1b
Working directory: /nfs/t144_helic/notebooks/VolosSummerSchool/Workshop_QC/kh7
Start time: Tue Apr 25 16:48:44 2017

Note: --range flag deprecated.  Use e.g. '--extract range [filename]'.
Random number seed: 1493135324
48265 MB RAM detected; reserving 24132 MB for main workspace.
419253 variants loaded from .bim file.
1630 people (255 males, 283 females, 1092 ambiguous) loaded from .fam.
Ambiguous sex IDs written to
/nfs/t144_helic/notebooks/VolosSummerSchool/Workshop_QC/kh7/VSS-1Kg-chr1-22-mafgte0.01-noCR.nosex
.
--exclude range: 14597 variants excluded.
--exclude range: 404656 variants remaining.
Using 1 thread (no multithreaded calculations invoked.
Before main variant filters, 1630 founders and 0 nonfounders present.
Calculating allele frequencies... done.
Total genotyping rate is 0.954078.
124707 variants removed due to minor allele threshold(s)
(--maf/--max-maf/--mac/--max-mac).
279949 variants and 1630 people pass filters and QC.
Note: No phenotypes present.
--make-bed to
/nfs/t144_helic/notebooks/VolosSummerSchool/Workshop_QC/kh7/VSS-1Kg-chr1-22-mafgte0.01-noCR.bed
+
/nfs/t144_helic/notebooks/VolosSummerSchool/Workshop_QC/kh7/VSS-1Kg-chr1-22-mafgte0.01-noCR.bim
+
/nfs/t144_helic/notebooks/VolosSummerSchool/Workshop_QC/kh7/VSS-1Kg-chr1-22-mafgte0.01-noCR.fam
... done.

End time: Tue Apr 25 16:48:46 2017
