PLINK v1.90b3w 64-bit (2 Sep 2015)
Options in effect:
  --bfile /nfs/t144_helic/notebooks/VolosSummerSchool/Workshop_QC/kh7/VSS
  --missing
  --out /nfs/t144_helic/notebooks/VolosSummerSchool/Workshop_QC/kh7/VSS-missing

Hostname: gen1b
Working directory: /nfs/t144_helic/notebooks/VolosSummerSchool/Workshop_QC/kh7
Start time: Tue Apr 25 13:54:14 2017

Random number seed: 1493124854
48265 MB RAM detected; reserving 24132 MB for main workspace.
426901 variants loaded from .bim file.
538 people (255 males, 283 females) loaded from .fam.
Using 1 thread (no multithreaded calculations invoked.
Before main variant filters, 538 founders and 0 nonfounders present.
Calculating allele frequencies... done.
Warning: 549 het. haploid genotypes present (see
/nfs/t144_helic/notebooks/VolosSummerSchool/Workshop_QC/kh7/VSS-missing.hh );
many commands treat these as missing.
Total genotyping rate is 0.994497.
--missing: Sample missing data report written to
/nfs/t144_helic/notebooks/VolosSummerSchool/Workshop_QC/kh7/VSS-missing.imiss,
and variant-based missing data report written to
/nfs/t144_helic/notebooks/VolosSummerSchool/Workshop_QC/kh7/VSS-missing.lmiss.

End time: Tue Apr 25 13:54:15 2017
