PLINK v1.90b3w 64-bit (2 Sep 2015)
Options in effect:
  --bfile /nfs/t144_helic/notebooks/VolosSummerSchool/Workshop_QC/kh7/VSS-chr1-22-mafgte0.01-noCR
  --indep 50 5 1.25
  --out /nfs/t144_helic/notebooks/VolosSummerSchool/Workshop_QC/kh7/VSS-chr1-22-mafgte0.01-noCR-pruning

Hostname: gen1b
Working directory: /nfs/t144_helic/notebooks/VolosSummerSchool/Workshop_QC/kh7
Start time: Tue Apr 25 14:03:11 2017

Random number seed: 1493125391
48265 MB RAM detected; reserving 24132 MB for main workspace.
267142 variants loaded from .bim file.
538 people (255 males, 283 females) loaded from .fam.
Using 1 thread.
Warning: This run includes BLAS/LAPACK linear algebra operations which
currently disregard the --threads limit.  If this is problematic, you may want
to recompile against single-threaded BLAS/LAPACK.
Before main variant filters, 538 founders and 0 nonfounders present.
Calculating allele frequencies... done.
Total genotyping rate is 0.994195.
267142 variants and 538 people pass filters and QC.
Note: No phenotypes present.
Pruned 17085 variants from chromosome 1, leaving 5051.
Pruned 16925 variants from chromosome 2, leaving 4550.
Pruned 14513 variants from chromosome 3, leaving 3993.
Pruned 13952 variants from chromosome 4, leaving 3762.
Pruned 12445 variants from chromosome 5, leaving 3586.
Pruned 12607 variants from chromosome 6, leaving 3477.
Pruned 11700 variants from chromosome 7, leaving 3291.
Pruned 10847 variants from chromosome 8, leaving 2879.
Pruned 9557 variants from chromosome 9, leaving 2811.
Pruned 10864 variants from chromosome 10, leaving 3084.
Pruned 10310 variants from chromosome 11, leaving 2906.
Pruned 9909 variants from chromosome 12, leaving 3017.
Pruned 8126 variants from chromosome 13, leaving 2226.
Pruned 6924 variants from chromosome 14, leaving 2103.
Pruned 6310 variants from chromosome 15, leaving 1983.
Pruned 6671 variants from chromosome 16, leaving 2202.
Pruned 5877 variants from chromosome 17, leaving 2100.
Pruned 6123 variants from chromosome 18, leaving 1893.
Pruned 4770 variants from chromosome 19, leaving 1886.
Pruned 5016 variants from chromosome 20, leaving 1730.
Pruned 3017 variants from chromosome 21, leaving 992.
Pruned 2989 variants from chromosome 22, leaving 1083.
Pruning complete.  206537 of 267142 variants removed.
Marker lists written to
/nfs/t144_helic/notebooks/VolosSummerSchool/Workshop_QC/kh7/VSS-chr1-22-mafgte0.01-noCR-pruning.prune.in
and
/nfs/t144_helic/notebooks/VolosSummerSchool/Workshop_QC/kh7/VSS-chr1-22-mafgte0.01-noCR-pruning.prune.out
.

End time: Tue Apr 25 14:03:20 2017
