PLINK v1.90b3w 64-bit (2 Sep 2015)
Options in effect:
  --bfile /nfs/t144_helic/notebooks/VolosSummerSchool/Workshop_QC/kh7/VSS-chr1-22-mafgte0.01-noCR-LDpruned0.2
  --genome
  --out /nfs/t144_helic/notebooks/VolosSummerSchool/Workshop_QC/kh7/VSS-chr1-22-mafgte0.01-noCR-LDpruned0.2-genome

Hostname: gen1b
Working directory: /nfs/t144_helic/notebooks/VolosSummerSchool/Workshop_QC/kh7
Start time: Tue Apr 25 14:04:10 2017

Random number seed: 1493125450
48265 MB RAM detected; reserving 24132 MB for main workspace.
60605 variants loaded from .bim file.
538 people (255 males, 283 females) loaded from .fam.
Using up to 15 threads (change this with --threads).
Before main variant filters, 538 founders and 0 nonfounders present.
Calculating allele frequencies... done.
Total genotyping rate is 0.994527.
60605 variants and 538 people pass filters and QC.
Note: No phenotypes present.
IBD calculations complete.
Finished writing
/nfs/t144_helic/notebooks/VolosSummerSchool/Workshop_QC/kh7/VSS-chr1-22-mafgte0.01-noCR-LDpruned0.2-genome.genome
.

End time: Tue Apr 25 14:04:12 2017
