PLINK v1.90b3w 64-bit (2 Sep 2015)
Options in effect:
  --bfile /nfs/t144_helic/notebooks/VolosSummerSchool/Workshop_QC/kh7/VSS-1Kg-chr1-22-mafgte0.01-noCR
  --extract /nfs/t144_helic/notebooks/VolosSummerSchool/Workshop_QC/kh7/VSS-1Kg-chr1-22-mafgte0.01-noCR-pruning.prune.in
  --make-bed
  --out /nfs/t144_helic/notebooks/VolosSummerSchool/Workshop_QC/kh7/VSS-1Kg-chr1-22-mafgte0.01-noCR-LDpruned0.2

Hostname: gen1b
Working directory: /nfs/t144_helic/notebooks/VolosSummerSchool/Workshop_QC/kh7
Start time: Tue Apr 25 17:03:28 2017

Random number seed: 1493136208
48265 MB RAM detected; reserving 24132 MB for main workspace.
279949 variants loaded from .bim file.
1630 people (255 males, 283 females, 1092 ambiguous) loaded from .fam.
Ambiguous sex IDs written to
/nfs/t144_helic/notebooks/VolosSummerSchool/Workshop_QC/kh7/VSS-1Kg-chr1-22-mafgte0.01-noCR-LDpruned0.2.nosex
.
--extract: 65860 variants remaining.
Using 1 thread (no multithreaded calculations invoked.
Before main variant filters, 1630 founders and 0 nonfounders present.
Calculating allele frequencies... done.
Total genotyping rate is 0.99542.
65860 variants and 1630 people pass filters and QC.
Note: No phenotypes present.
--make-bed to
/nfs/t144_helic/notebooks/VolosSummerSchool/Workshop_QC/kh7/VSS-1Kg-chr1-22-mafgte0.01-noCR-LDpruned0.2.bed
+
/nfs/t144_helic/notebooks/VolosSummerSchool/Workshop_QC/kh7/VSS-1Kg-chr1-22-mafgte0.01-noCR-LDpruned0.2.bim
+
/nfs/t144_helic/notebooks/VolosSummerSchool/Workshop_QC/kh7/VSS-1Kg-chr1-22-mafgte0.01-noCR-LDpruned0.2.fam
... done.

End time: Tue Apr 25 17:03:29 2017
