PLINK v1.90b3w 64-bit (2 Sep 2015)
Options in effect:
  --bfile /nfs/t144_helic/notebooks/VolosSummerSchool/Workshop_QC/kh7/VSS
  --chr 23
  --make-bed
  --out /nfs/t144_helic/notebooks/VolosSummerSchool/Workshop_QC/kh7/VSS-xchr

Hostname: gen1b
Working directory: /nfs/t144_helic/notebooks/VolosSummerSchool/Workshop_QC/kh7
Start time: Tue Apr 25 13:58:27 2017

Random number seed: 1493125107
48265 MB RAM detected; reserving 24132 MB for main workspace.
10465 variants loaded from .bim file.
538 people (255 males, 283 females) loaded from .fam.
Using 1 thread (no multithreaded calculations invoked.
Before main variant filters, 538 founders and 0 nonfounders present.
Calculating allele frequencies... done.
Warning: 549 het. haploid genotypes present (see
/nfs/t144_helic/notebooks/VolosSummerSchool/Workshop_QC/kh7/VSS-xchr.hh ); many
commands treat these as missing.
Total genotyping rate is 0.994416.
10465 variants and 538 people pass filters and QC.
Note: No phenotypes present.
--make-bed to
/nfs/t144_helic/notebooks/VolosSummerSchool/Workshop_QC/kh7/VSS-xchr.bed +
/nfs/t144_helic/notebooks/VolosSummerSchool/Workshop_QC/kh7/VSS-xchr.bim +
/nfs/t144_helic/notebooks/VolosSummerSchool/Workshop_QC/kh7/VSS-xchr.fam ...
done.

End time: Tue Apr 25 13:58:27 2017
