PLINK v1.90b3w 64-bit (2 Sep 2015)
Options in effect:
  --bfile /nfs/t144_helic/notebooks/VolosSummerSchool/Workshop_QC/kh7/VSS-chr1-22-mafgte0.01
  --missing
  --noweb
  --out /nfs/t144_helic/notebooks/VolosSummerSchool/Workshop_QC/kh7/VSS-chr1-22-mafgte0.01-missing

Hostname: gen1b
Working directory: /nfs/t144_helic/notebooks/VolosSummerSchool/Workshop_QC/kh7
Start time: Tue Apr 25 13:59:56 2017

Note: --noweb has no effect since no web check is implemented yet.
Random number seed: 1493125196
48265 MB RAM detected; reserving 24132 MB for main workspace.
276551 variants loaded from .bim file.
538 people (255 males, 283 females) loaded from .fam.
Using 1 thread (no multithreaded calculations invoked.
Before main variant filters, 538 founders and 0 nonfounders present.
Calculating allele frequencies... done.
Total genotyping rate is 0.994194.
--missing: Sample missing data report written to
/nfs/t144_helic/notebooks/VolosSummerSchool/Workshop_QC/kh7/VSS-chr1-22-mafgte0.01-missing.imiss,
and variant-based missing data report written to
/nfs/t144_helic/notebooks/VolosSummerSchool/Workshop_QC/kh7/VSS-chr1-22-mafgte0.01-missing.lmiss.

End time: Tue Apr 25 13:59:57 2017
