PLINK v1.90b3w 64-bit (2 Sep 2015)
Options in effect:
  --bfile merge_v3_ethnicity_missnp
  --bmerge 1kg_chr1_22_missnp
  --make-bed
  --out Core-1Kg

Hostname: gen1a
Working directory: /lustre/scratch113/teams/zeggini/ReferenceData/1kg/VolosSS
Start time: Mon Apr 24 14:07:23 2017

Random number seed: 1493039243
48265 MB RAM detected; reserving 24132 MB for main workspace.
538 people loaded from merge_v3_ethnicity_missnp.fam.
1092 people to be merged from 1kg_chr1_22_missnp.fam.
Of these, 1092 are new, while 0 are present in the base dataset.
426692 markers loaded from merge_v3_ethnicity_missnp.bim.
392985 markers to be merged from 1kg_chr1_22_missnp.bim.
Of these, 3026 are new, while 389959 are present in the base dataset.
Performing single-pass merge (1630 people, 429718 variants).
Merged fileset written to Core-1Kg-merge.bed + Core-1Kg-merge.bim +
Core-1Kg-merge.fam .
429718 variants loaded from .bim file.
1630 people (255 males, 283 females, 1092 ambiguous) loaded from .fam.
Ambiguous sex IDs written to Core-1Kg.nosex .
Using 1 thread (no multithreaded calculations invoked.
Before main variant filters, 1630 founders and 0 nonfounders present.
Calculating allele frequencies... done.
Warning: 549 het. haploid genotypes present (see Core-1Kg.hh ); many commands
treat these as missing.
Total genotyping rate is 0.938605.
429718 variants and 1630 people pass filters and QC.
Note: No phenotypes present.
--make-bed to Core-1Kg.bed + Core-1Kg.bim + Core-1Kg.fam ... done.

End time: Mon Apr 24 14:07:28 2017
