PLINK v1.90b3w 64-bit (2 Sep 2015)
Options in effect:
  --bfile /nfs/t144_helic/notebooks/VolosSummerSchool/Workshop_QC/kh7/VSS
  --make-bed
  --mind 0.02
  --out /nfs/t144_helic/notebooks/VolosSummerSchool/Workshop_QC/kh7/VSS-mind0.02

Hostname: gen1b
Working directory: /nfs/t144_helic/notebooks/VolosSummerSchool/Workshop_QC/kh7
Start time: Tue Apr 25 13:54:48 2017

Random number seed: 1493124888
48265 MB RAM detected; reserving 24132 MB for main workspace.
426901 variants loaded from .bim file.
538 people (255 males, 283 females) loaded from .fam.
14 people removed due to missing genotype data (--mind).
IDs written to
/nfs/t144_helic/notebooks/VolosSummerSchool/Workshop_QC/kh7/VSS-mind0.02.irem .
Using 1 thread (no multithreaded calculations invoked.
Before main variant filters, 524 founders and 0 nonfounders present.
Calculating allele frequencies... done.
Total genotyping rate in remaining samples is 0.999917.
426901 variants and 524 people pass filters and QC.
Note: No phenotypes present.
--make-bed to
/nfs/t144_helic/notebooks/VolosSummerSchool/Workshop_QC/kh7/VSS-mind0.02.bed +
/nfs/t144_helic/notebooks/VolosSummerSchool/Workshop_QC/kh7/VSS-mind0.02.bim +
/nfs/t144_helic/notebooks/VolosSummerSchool/Workshop_QC/kh7/VSS-mind0.02.fam
... done.

End time: Tue Apr 25 13:54:49 2017
