PLINK v1.90b6.24 64-bit (6 Jun 2021)
Options in effect:
  --assoc
  --bfile cohort1
  --out cohort1_assoc
  --pheno cohort1_pheno_final.txt

Hostname: f0d926d7f7e4
Working directory: /content/drive/MyDrive/Complex_Traits/Workshop3_GeneticAssociation/data
Start time: Tue Nov  1 22:31:15 2022

Random number seed: 1667341875
12985 MB RAM detected; reserving 6492 MB for main workspace.
280009 variants loaded from .bim file.
498 people (240 males, 258 females) loaded from .fam.
491 phenotype values present after --pheno.
Using 1 thread (no multithreaded calculations invoked).
Before main variant filters, 498 founders and 0 nonfounders present.
Calculating allele frequencies... done.
Total genotyping rate is 0.999994.
280009 variants and 498 people pass filters and QC.
Phenotype data is quantitative.
Warning: QT --assoc doesn't handle X/Y/MT/haploid variants normally (try
--linear).
Writing QT --assoc report to cohort1_assoc.qassoc ... done.

End time: Tue Nov  1 22:31:17 2022
